<?xml version="1.0" encoding="UTF-8"?>
<testng-results ignored="0" total="2" passed="2" failed="0" skipped="0">
  <reporter-output>
  </reporter-output>
  <suite started-at="2023-11-23T14:24:47 IST" name="Default suite" finished-at="2023-11-23T14:25:06 IST" duration-ms="18349">
    <groups>
    </groups>
    <test started-at="2023-11-23T14:24:47 IST" name="Default test" finished-at="2023-11-23T14:25:06 IST" duration-ms="18349">
      <class name="tests.Tests">
        <test-method is-config="true" signature="setup()[pri:0, instance:tests.Tests@e350b40]" started-at="2023-11-23T14:24:47 IST" name="setup" finished-at="2023-11-23T14:25:00 IST" duration-ms="12577" status="PASS">
          <reporter-output>
          </reporter-output>
        </test-method> <!-- setup -->
        <test-method signature="SampleTest()[pri:0, instance:tests.Tests@e350b40]" started-at="2023-11-23T14:25:00 IST" name="SampleTest" finished-at="2023-11-23T14:25:00 IST" duration-ms="4" status="PASS">
          <reporter-output>
          </reporter-output>
        </test-method> <!-- SampleTest -->
        <test-method signature="testOne()[pri:0, instance:tests.Tests@e350b40]" started-at="2023-11-23T14:25:00 IST" name="testOne" finished-at="2023-11-23T14:25:05 IST" duration-ms="5072" status="PASS">
          <reporter-output>
          </reporter-output>
        </test-method> <!-- testOne -->
        <test-method is-config="true" signature="teardown()[pri:0, instance:tests.Tests@e350b40]" started-at="2023-11-23T14:25:05 IST" name="teardown" finished-at="2023-11-23T14:25:06 IST" duration-ms="655" status="PASS">
          <reporter-output>
          </reporter-output>
        </test-method> <!-- teardown -->
      </class> <!-- tests.Tests -->
    </test> <!-- Default test -->
  </suite> <!-- Default suite -->
</testng-results>
